-- The C compiler identification is GNU 11.4.0
-- The CXX compiler identification is GNU 11.4.0
-- Detecting C compiler ABI info
-- Detecting C compiler ABI info - done
-- Check for working C compiler: /usr/bin/cc - skipped
-- Detecting C compile features
-- Detecting C compile features - done
-- Detecting CXX compiler ABI info
-- Detecting CXX compiler ABI info - done
-- Check for working CXX compiler: /usr/bin/c++ - skipped
-- Detecting CXX compile features
-- Detecting CXX compile features - done
-- Found moveit_common: 2.14.1 (/home/wzb/ros2ws/moveit_ws/install/moveit_common/share/moveit_common/cmake)
-- Found ament_cmake: 1.3.12 (/opt/ros/humble/share/ament_cmake/cmake)
-- Found Python3: /usr/bin/python3 (found version "3.10.12") found components: Interpreter 
[0mtrac_ik_kinematics: You did not request a specific build type: Choosing 'Release' for maximum performance[0m
-- Found tf2_kdl: 0.25.17 (/opt/ros/humble/share/tf2_kdl/cmake)
-- Found rosidl_generator_c: 3.1.7 (/opt/ros/humble/share/rosidl_generator_c/cmake)
-- Found rosidl_adapter: 3.1.7 (/opt/ros/humble/share/rosidl_adapter/cmake)
-- Found rosidl_generator_cpp: 3.1.7 (/opt/ros/humble/share/rosidl_generator_cpp/cmake)
-- Using all available rosidl_typesupport_c: rosidl_typesupport_fastrtps_c;rosidl_typesupport_introspection_c
-- Using all available rosidl_typesupport_cpp: rosidl_typesupport_fastrtps_cpp;rosidl_typesupport_introspection_cpp
-- Found eigen3_cmake_module: 0.1.1 (/opt/ros/humble/share/eigen3_cmake_module/cmake)
-- Found Eigen3: TRUE (found version "3.4.0") 
-- Ensuring Eigen3 include directory is part of orocos-kdl CMake target
-- Found rmw_implementation_cmake: 6.1.2 (/opt/ros/humble/share/rmw_implementation_cmake/cmake)
-- Found rmw_fastrtps_cpp: 6.2.9 (/opt/ros/humble/share/rmw_fastrtps_cpp/cmake)
-- Found OpenSSL: /usr/lib/x86_64-linux-gnu/libcrypto.so (found version "3.0.2")  
-- Found FastRTPS: /opt/ros/humble/include  
-- Using RMW implementation 'rmw_fastrtps_cpp' as default
-- Looking for pthread.h
-- Looking for pthread.h - found
-- Performing Test CMAKE_HAVE_LIBC_PTHREAD
-- Performing Test CMAKE_HAVE_LIBC_PTHREAD - Success
-- Found Threads: TRUE  
-- Found kdl_parser: 2.6.4 (/opt/ros/humble/share/kdl_parser/cmake)
-- Found random_numbers: 2.0.1 (/opt/ros/humble/share/random_numbers/cmake)
-- Found pluginlib: 5.1.2 (/opt/ros/humble/share/pluginlib/cmake)
-- Found moveit_core: 2.14.1 (/home/wzb/ros2ws/moveit_ws/install/moveit_core/share/moveit_core/cmake)
-- Found Boost: /usr/lib/x86_64-linux-gnu/cmake/Boost-1.74.0/BoostConfig.cmake (found version "1.74.0") found components: chrono date_time filesystem iostreams program_options regex serialization system thread 
-- Found parameter_traits: 0.5.0 (/opt/ros/humble/share/parameter_traits/cmake)
-- Found rclcpp_lifecycle: 16.0.16 (/opt/ros/humble/share/rclcpp_lifecycle/cmake)
-- Found Boost: /usr/lib/x86_64-linux-gnu/cmake/Boost-1.74.0/BoostConfig.cmake (found version "1.74.0") found components: filesystem 
-- library: /usr/lib/x86_64-linux-gnu/libcurl.so
-- Found moveit_ros_planning: 2.14.1 (/home/wzb/ros2ws/moveit_ws/install/moveit_ros_planning/share/moveit_ros_planning/cmake)
-- Found Boost: /usr/lib/x86_64-linux-gnu/cmake/Boost-1.74.0/BoostConfig.cmake (found version "1.74.0") found components: system filesystem date_time program_options thread chrono 
-- Found trac_ik_lib: 0.1.0 (/home/wzb/ros2ws/trac_ws/install/trac_ik_lib/share/trac_ik_lib/cmake)
-- Found Boost: /usr/lib/x86_64-linux-gnu/cmake/Boost-1.74.0/BoostConfig.cmake (found version "1.74.0") found components: program_options system 
-- Found ament_lint_auto: 0.12.14 (/opt/ros/humble/share/ament_lint_auto/cmake)
-- Configuring done
-- Generating done
-- Build files have been written to: /home/wzb/ros2ws/trac_ws/build/trac_ik_kinematics
[ 50%] [32mBuilding CXX object trac_ik_kinematics_plugin/CMakeFiles/moveit_trac_ik_kinematics_plugin.dir/src/trac_ik_kinematics_plugin.cpp.o[0m
In file included from [01m[K/home/wzb/ros2ws/trac_ws/src/trac_ik/trac_ik_kinematics/trac_ik_kinematics_plugin/include/trac_ik_kinematics_plugin/trac_ik_kinematics_plugin.h:45[m[K,
                 from [01m[K/home/wzb/ros2ws/trac_ws/src/trac_ik/trac_ik_kinematics/trac_ik_kinematics_plugin/src/trac_ik_kinematics_plugin.cpp:47[m[K:
[01m[K/home/wzb/ros2ws/moveit_ws/install/moveit_core/include/moveit_core/moveit/kinematics_base/kinematics_base.h:50:77:[m[K [01;36m[Knote: [m[Kâ€˜[01m[K#pragma message: .h header is obsolete. Please use the .hpp header instead.[m[Kâ€™
   50 | a message(".h header is obsolete. Please use the .hpp header instead."[01;36m[K)[m[K
      |                                                                       [01;36m[K^[m[K

In file included from [01m[K/home/wzb/ros2ws/trac_ws/src/trac_ik/trac_ik_kinematics/trac_ik_kinematics_plugin/include/trac_ik_kinematics_plugin/trac_ik_kinematics_plugin.h:47[m[K,
                 from [01m[K/home/wzb/ros2ws/trac_ws/src/trac_ik/trac_ik_kinematics/trac_ik_kinematics_plugin/src/trac_ik_kinematics_plugin.cpp:47[m[K:
[01m[K/home/wzb/ros2ws/moveit_ws/install/moveit_core/include/moveit_core/moveit/robot_model/robot_model.h:51:77:[m[K [01;36m[Knote: [m[Kâ€˜[01m[K#pragma message: .h header is obsolete. Please use the .hpp header instead.[m[Kâ€™
   51 | a message(".h header is obsolete. Please use the .hpp header instead."[01;36m[K)[m[K
      |                                                                       [01;36m[K^[m[K

In file included from [01m[K/home/wzb/ros2ws/trac_ws/src/trac_ik/trac_ik_kinematics/trac_ik_kinematics_plugin/include/trac_ik_kinematics_plugin/trac_ik_kinematics_plugin.h:48[m[K,
                 from [01m[K/home/wzb/ros2ws/trac_ws/src/trac_ik/trac_ik_kinematics/trac_ik_kinematics_plugin/src/trac_ik_kinematics_plugin.cpp:47[m[K:
[01m[K/home/wzb/ros2ws/moveit_ws/install/moveit_core/include/moveit_core/moveit/robot_state/robot_state.h:51:77:[m[K [01;36m[Knote: [m[Kâ€˜[01m[K#pragma message: .h header is obsolete. Please use the .hpp header instead.[m[Kâ€™
   51 | a message(".h header is obsolete. Please use the .hpp header instead."[01;36m[K)[m[K
      |                                                                       [01;36m[K^[m[K

[01m[K/home/wzb/ros2ws/trac_ws/src/trac_ik/trac_ik_kinematics/trac_ik_kinematics_plugin/src/trac_ik_kinematics_plugin.cpp:[m[K In member function â€˜[01m[Kvirtual bool trac_ik_kinematics_plugin::TRAC_IKKinematicsPlugin::initialize(const SharedPtr&, const moveit::core::RobotModel&, const string&, const string&, const std::vector<std::__cxx11::basic_string<char> >&, double)[m[Kâ€™:
[01m[K/home/wzb/ros2ws/trac_ws/src/trac_ik/trac_ik_kinematics/trac_ik_kinematics_plugin/src/trac_ik_kinematics_plugin.cpp:151:5:[m[K [01;31m[Kerror: [m[Kâ€˜[01m[KlookupParam[m[Kâ€™ was not declared in this scope
  151 |     [01;31m[KlookupParam[m[K(node_, "position_only_ik", position_ik_, false);
      |     [01;31m[K^~~~~~~~~~~[m[K
[01m[K/home/wzb/ros2ws/trac_ws/src/trac_ik/trac_ik_kinematics/trac_ik_kinematics_plugin/src/trac_ik_kinematics_plugin.cpp:[m[K In member function â€˜[01m[Kint trac_ik_kinematics_plugin::TRAC_IKKinematicsPlugin::getKDLSegmentIndex(const string&) const[m[Kâ€™:
[01m[K/home/wzb/ros2ws/trac_ws/src/trac_ik/trac_ik_kinematics/trac_ik_kinematics_plugin/src/trac_ik_kinematics_plugin.cpp:161:43:[m[K [01;35m[Kwarning: [m[Kuse of old-style cast to â€˜[01m[Kint[m[Kâ€™ [[01;35m[K]8;;https://gcc.gnu.org/onlinedocs/gcc/Warning-Options.html#index-Wold-style-cast-Wold-style-cast]8;;[m[K]
  161 |     while (i < (int)chain.getNrOfSegments([01;35m[K)[m[K)
      |                                           [01;35m[K^[m[K
      |                [31m[K-----[m[K
      |                [32m[Kstatic_cast<int> ([m[K          [32m[K)[m[K
[01m[K/home/wzb/ros2ws/trac_ws/src/trac_ik/trac_ik_kinematics/trac_ik_kinematics_plugin/src/trac_ik_kinematics_plugin.cpp:[m[K In member function â€˜[01m[Kbool trac_ik_kinematics_plugin::TRAC_IKKinematicsPlugin::searchPositionIK(const Pose&, const std::vector<double, std::allocator<double> >&, double, std::vector<double, std::allocator<double> >&, const IKCallbackFn&, moveit_msgs::msg::MoveItErrorCodes&, const std::vector<double, std::allocator<double> >&, const kinematics::KinematicsQueryOptions&) const[m[Kâ€™:
[01m[K/home/wzb/ros2ws/trac_ws/src/trac_ik/trac_ik_kinematics/trac_ik_kinematics_plugin/src/trac_ik_kinematics_plugin.cpp:387:30:[m[K [01;31m[Kerror: [m[Kâ€˜[01m[Kconst IKCallbackFn[m[Kâ€™ {aka â€˜[01m[Kconst class std::function<void(const geometry_msgs::msg::Pose_<std::allocator<void> >&, const std::vector<double, std::allocator<double> >&, moveit_msgs::msg::MoveItErrorCodes_<std::allocator<void> >&)>[m[Kâ€™} has no member named â€˜[01m[Kempty[m[Kâ€™; did you mean â€˜[01m[K_M_empty[m[Kâ€™?
  387 |       if (!solution_callback.[01;31m[Kempty[m[K())
      |                              [01;31m[K^~~~~[m[K
      |                              [32m[K_M_empty[m[K
In file included from [01m[K/opt/ros/humble/include/rclcpp/rclcpp/logging.hpp:24[m[K,
                 from [01m[K/opt/ros/humble/include/rclcpp/rclcpp/client.hpp:40[m[K,
                 from [01m[K/opt/ros/humble/include/rclcpp/rclcpp/callback_group.hpp:24[m[K,
                 from [01m[K/opt/ros/humble/include/rclcpp/rclcpp/any_executable.hpp:20[m[K,
                 from [01m[K/opt/ros/humble/include/rclcpp/rclcpp/memory_strategy.hpp:25[m[K,
                 from [01m[K/opt/ros/humble/include/rclcpp/rclcpp/memory_strategies.hpp:18[m[K,
                 from [01m[K/opt/ros/humble/include/rclcpp/rclcpp/executor_options.hpp:20[m[K,
                 from [01m[K/opt/ros/humble/include/rclcpp/rclcpp/executor.hpp:37[m[K,
                 from [01m[K/opt/ros/humble/include/rclcpp/rclcpp/executors/multi_threaded_executor.hpp:25[m[K,
                 from [01m[K/opt/ros/humble/include/rclcpp/rclcpp/executors.hpp:21[m[K,
                 from [01m[K/opt/ros/humble/include/rclcpp/rclcpp/rclcpp.hpp:155[m[K,
                 from [01m[K/home/wzb/ros2ws/trac_ws/src/trac_ik/trac_ik_kinematics/trac_ik_kinematics_plugin/src/trac_ik_kinematics_plugin.cpp:32[m[K:
[01m[K/home/wzb/ros2ws/trac_ws/src/trac_ik/trac_ik_kinematics/trac_ik_kinematics_plugin/src/trac_ik_kinematics_plugin.cpp:397:32:[m[K [01;35m[Kwarning: [m[Kformat â€˜[01m[K%i[m[Kâ€™ expects argument of type â€˜[01m[Kint[m[Kâ€™, but argument 5 has type â€˜[01m[Kmoveit_msgs::msg::MoveItErrorCodes[m[Kâ€™ {aka â€˜[01m[Kmoveit_msgs::msg::MoveItErrorCodes_<std::allocator<void> >[m[Kâ€™} [[01;35m[K]8;;https://gcc.gnu.org/onlinedocs/gcc/Warning-Options.html#index-Wformat=-Wformat=]8;;[m[K]
  397 |           RCLCPP_DEBUG(LOGGER, [01;35m[K"Solution has error code %i"[m[K, error_code);
      |                                [01;35m[K^~~~~~~~~~~~~~~~~~~~~~~~~~~~[m[K
[01m[K/home/wzb/ros2ws/trac_ws/src/trac_ik/trac_ik_kinematics/trac_ik_kinematics_plugin/src/trac_ik_kinematics_plugin.cpp:397:58:[m[K [01;36m[Knote: [m[Kformat string is defined here
  397 |           RCLCPP_DEBUG(LOGGER, "Solution has error code [01;36m[K%i[m[K", error_code);
      |                                                         [01;36m[K~^[m[K
      |                                                          [01;36m[K|[m[K
      |                                                          [01;36m[Kint[m[K
[01m[K/home/wzb/ros2ws/trac_ws/src/trac_ik/trac_ik_kinematics/trac_ik_kinematics_plugin/src/trac_ik_kinematics_plugin.cpp:320:77:[m[K [01;35m[Kwarning: [m[Kunused parameter â€˜[01m[Kconsistency_limits[m[Kâ€™ [[01;35m[K]8;;https://gcc.gnu.org/onlinedocs/gcc/Warning-Options.html#index-Wunused-parameter-Wunused-parameter]8;;[m[K]
  320 |                                  [01;35m[Kconst std::vector<double> &consistency_limits[m[K,
      |                                  [01;35m[K~~~~~~~~~~~~~~~~~~~~~~~~~~~^~~~~~~~~~~~~~~~~~[m[K

[01m[K/home/wzb/ros2ws/trac_ws/src/trac_ik/trac_ik_kinematics/trac_ik_kinematics_plugin/src/trac_ik_kinematics_plugin.cpp:321:92:[m[K [01;35m[Kwarning: [m[Kunused parameter â€˜[01m[Koptions[m[Kâ€™ [[01;35m[K]8;;https://gcc.gnu.org/onlinedocs/gcc/Warning-Options.html#index-Wunused-parameter-Wunused-parameter]8;;[m[K]
  321 |                   [01;35m[Kconst kinematics::KinematicsQueryOptions &options[m[K) const
      |                   [01;35m[K~~~~~~~~~~~~~~~~~~~~~~~~~~~~~~~~~~~~~~~~~~^~~~~~~[m[K

gmake[2]: *** [trac_ik_kinematics_plugin/CMakeFiles/moveit_trac_ik_kinematics_plugin.dir/build.make:76ï¼štrac_ik_kinematics_plugin/CMakeFiles/moveit_trac_ik_kinematics_plugin.dir/src/trac_ik_kinematics_plugin.cpp.o] é”™è¯¯ 1
gmake[1]: *** [CMakeFiles/Makefile2:152ï¼štrac_ik_kinematics_plugin/CMakeFiles/moveit_trac_ik_kinematics_plugin.dir/all] é”™è¯¯ 2
gmake: *** [Makefile:146ï¼šall] é”™è¯¯ 2
